<?xml version="1.0" encoding="UTF-8" ?>
<testsuites>
  <testsuite errors="0" failures="0" hostname="debianmarco" id="0" name="CategoryServiceITest" package="integration" tests="5" time="0.002">
            <properties>
[...]
</properties>

            <testcase classname="integration.CategoryServiceITest" name="testCan_PUT_Category" time="0.0">
      
    </testcase>
    <testcase classname="integration.CategoryServiceITest" name="testCan_QUERY_Categories" time="0.0">
      
    </testcase>
    <testcase classname="integration.CategoryServiceITest" name="testCan_POST_Category" time="0.0">
      
    </testcase>
    <testcase classname="integration.CategoryServiceITest" name="testCan_GET_Category" time="0.0">
      
    </testcase>
    <testcase classname="integration.CategoryServiceITest" name="testCan_DELETE_Category" time="0.0">
      
    </testcase>

            <system-out>
          
        </system-out>

            <system-err>
          
        </system-err>

        </testsuite>
  <testsuite errors="0" failures="0" hostname="debianmarco" id="1" name="CreateServiceTest" package="org.myweb.services.crud" tests="2" time="0.001">
            <properties>
[...]
</properties>

            <testcase classname="org.myweb.services.crud.CreateServiceTest" name="test_JavaServiceResult_saveNew_CREATED" time="0.0">
      
    </testcase>
    <testcase classname="org.myweb.services.crud.CreateServiceTest" name="test_RestServiceResult_create_CREATED" time="0.0">
      
    </testcase>

            <system-out>
          
        </system-out>

            <system-err>
          
        </system-err>

        </testsuite>
  <testsuite errors="0" failures="0" hostname="debianmarco" id="2" name="DeleteServiceTest" package="org.myweb.services.crud" tests="3" time="0.001">
            <properties>
[...]
</properties>

            <testcase classname="org.myweb.services.crud.DeleteServiceTest" name="test_RestServiceResult_delete_NO_CONTENT" time="0.0">
      
    </testcase>
    <testcase classname="org.myweb.services.crud.DeleteServiceTest" name="test_JavaServiceResult_remove_NO_CONTENT" time="0.0">
      
    </testcase>
    <testcase classname="org.myweb.services.crud.DeleteServiceTest" name="test_RestServiceResult_delete_BAD_REQUEST_idMissing" time="0.0">
      
    </testcase>

            <system-out>
          
        </system-out>

            <system-err>
          
        </system-err>

        </testsuite>
  <testsuite errors="0" failures="0" hostname="debianmarco" id="3" name="GetServiceTest" package="org.myweb.services.crud" tests="4" time="0.0">
            <properties>
[...]
</properties>

            <testcase classname="org.myweb.services.crud.GetServiceTest" name="test_JavaServiceResult_load_OK" time="0.0">
      
    </testcase>
    <testcase classname="org.myweb.services.crud.GetServiceTest" name="test_RestServiceResult_load_NOT_FOUND" time="0.0">
      
    </testcase>
    <testcase classname="org.myweb.services.crud.GetServiceTest" name="test_RestServiceResult_load_OK" time="0.0">
      
    </testcase>
    <testcase classname="org.myweb.services.crud.GetServiceTest" name="test_JavaServiceResult_load_NOT_FOUND" time="0.0">
      
    </testcase>

            <system-out>
          
        </system-out>

            <system-err>
          
        </system-err>

        </testsuite>
  <testsuite errors="0" failures="0" hostname="debianmarco" id="4" name="JunitTest" package="" tests="1" time="0.004">
            <properties>
[...]
</properties>

            <testcase classname="JunitTest" name="isJunitWorking" time="0.0">
      
    </testcase>

            <system-out>
          
        </system-out>

            <system-err>
          
        </system-err>

        </testsuite>
  <testsuite errors="0" failures="0" hostname="debianmarco" id="5" name="LoginServiceITest" package="integration" tests="1" time="0.001">
            <properties>
[...]
</properties>

            <testcase classname="integration.LoginServiceITest" name="testCan_LoginAdminUser" time="0.0">
      
    </testcase>

            <system-out>
          
        </system-out>

            <system-err>
          
        </system-err>

        </testsuite>
  <testsuite errors="0" failures="0" hostname="debianmarco" id="6" name="ProductServiceITest" package="integration" tests="5" time="0.001">
            <properties>
[...]
</properties>

            <testcase classname="integration.ProductServiceITest" name="testCan_QUERY_Products" time="0.0">
      
    </testcase>
    <testcase classname="integration.ProductServiceITest" name="testCan_POST_Product" time="0.0">
      
    </testcase>
    <testcase classname="integration.ProductServiceITest" name="testCan_PUT_Product" time="0.0">
      
    </testcase>
    <testcase classname="integration.ProductServiceITest" name="testCan_DELETE_Product" time="0.0">
      
    </testcase>
    <testcase classname="integration.ProductServiceITest" name="testCan_GET_Product" time="0.0">
      
    </testcase>

            <system-out>
          
        </system-out>

            <system-err>
          
        </system-err>

        </testsuite>
  <testsuite errors="0" failures="0" hostname="debianmarco" id="7" name="ProductValidationTest" package="models" tests="6" time="0.002">
            <properties>
[...]
</properties>

            <testcase classname="models.ProductValidationTest" name="testProductValidation_OK" time="0.0">
      
    </testcase>
    <testcase classname="models.ProductValidationTest" name="testProductValidation_KO_stringsMinLengths" time="0.0">
      
    </testcase>
    <testcase classname="models.ProductValidationTest" name="testProductValidation_KO_requiredFields" time="0.0">
      
    </testcase>
    <testcase classname="models.ProductValidationTest" name="testProductValidation_KO_stringsMaxLengths" time="0.0">
      
    </testcase>
    <testcase classname="models.ProductValidationTest" name="testProductValidation_KO_numericMax" time="0.0">
      
    </testcase>
    <testcase classname="models.ProductValidationTest" name="testProductValidation_KO_numericMin" time="0.0">
      
    </testcase>

            <system-out>
          
        </system-out>

            <system-err>
          
        </system-err>

        </testsuite>
  <testsuite errors="0" failures="0" hostname="debianmarco" id="8" name="QueryServiceTest" package="org.myweb.services.crud" tests="4" time="0.013">
            <properties>
[...]
</properties>

            <testcase classname="org.myweb.services.crud.QueryServiceTest" name="test_RestServiceResult_query_NO_CONTENT" time="0.0">
      
    </testcase>
    <testcase classname="org.myweb.services.crud.QueryServiceTest" name="test_JavaServiceResult_loadAll_NO_CONTENT" time="0.0">
      
    </testcase>
    <testcase classname="org.myweb.services.crud.QueryServiceTest" name="test_RestServiceResult_query_OK" time="0.0">
      
    </testcase>
    <testcase classname="org.myweb.services.crud.QueryServiceTest" name="test_JavaServiceResult_loadAll_OK" time="0.0">
      
    </testcase>

            <system-out>
          
        </system-out>

            <system-err>
          
        </system-err>

        </testsuite>
  <testsuite errors="0" failures="0" hostname="debianmarco" id="9" name="SecurityUtilsTest" package="org.myweb.utils" tests="1" time="0.001">
            <properties>
[...]
</properties>

            <testcase classname="org.myweb.utils.SecurityUtilsTest" name="hashPasswordTest" time="0.0">
      
    </testcase>

            <system-out>
          
        </system-out>

            <system-err>
          
        </system-err>

        </testsuite>
  <testsuite errors="0" failures="0" hostname="debianmarco" id="10" name="UpdateServiceTest" package="org.myweb.services.crud" tests="4" time="0.002">
            <properties>
[...]
</properties>

            <testcase classname="org.myweb.services.crud.UpdateServiceTest" name="test_RestServiceResult_update_BAD_REQUEST_urlIdAndPutResourceIdDiffer" time="0.0">
      
    </testcase>
    <testcase classname="org.myweb.services.crud.UpdateServiceTest" name="test_RestServiceResult_update_BAD_REQUEST_idMissing" time="0.0">
      
    </testcase>
    <testcase classname="org.myweb.services.crud.UpdateServiceTest" name="test_RestServiceResult_update_OK" time="0.0">
      
    </testcase>
    <testcase classname="org.myweb.services.crud.UpdateServiceTest" name="test_JavaServiceResult_merge_OK" time="0.0">
      
    </testcase>

            <system-out>
          
        </system-out>

            <system-err>
          
        </system-err>

        </testsuite>
  <testsuite errors="0" failures="0" hostname="debianmarco" id="11" name="UserCreateServiceTest" package="org.myweb.services.user" tests="4" time="0.001">
            <properties>
[...]
</properties>

            <testcase classname="org.myweb.services.user.UserCreateServiceTest" name="test_RestServiceResult_createUser_CREATED" time="0.0">
      
    </testcase>
    <testcase classname="org.myweb.services.user.UserCreateServiceTest" name="test_RestServiceResult_createUser_BAD_REQUEST_badPasswords" time="0.0">
      
    </testcase>
    <testcase classname="org.myweb.services.user.UserCreateServiceTest" name="test_RestServiceResult_createUser_BAD_REQUEST_loginAlreadyExist" time="0.0">
      
    </testcase>
    <testcase classname="org.myweb.services.user.UserCreateServiceTest" name="test_RestServiceResult_createUser_BAD_REQUEST_emailAlreadyExist" time="0.0">
      
    </testcase>

            <system-out>
          
        </system-out>

            <system-err>
          
        </system-err>

        </testsuite>
  <testsuite errors="0" failures="0" hostname="debianmarco" id="12" name="UserLoginServiceTest" package="org.myweb.services.user" tests="9" time="0.001">
            <properties>
[...]
</properties>

            <testcase classname="org.myweb.services.user.UserLoginServiceTest" name="test_RestServiceResult_loginUser_OK_byEmail" time="0.0">
      
    </testcase>
    <testcase classname="org.myweb.services.user.UserLoginServiceTest" name="test_RestServiceResult_loginUser_OK_byLogin" time="0.0">
      
    </testcase>
    <testcase classname="org.myweb.services.user.UserLoginServiceTest" name="test_RestServiceResult_loginUser_UNAUTHORIZED" time="0.0">
      
    </testcase>
    <testcase classname="org.myweb.services.user.UserLoginServiceTest" name="test_RestServiceResult_loginUser_NOT_FOUND_byEmail" time="0.0">
      
    </testcase>
    <testcase classname="org.myweb.services.user.UserLoginServiceTest" name="test_RestServiceResult_loginUser_NOT_FOUND_byLogin" time="0.0">
      
    </testcase>
    <testcase classname="org.myweb.services.user.UserLoginServiceTest" name="test_RestServiceResult_loginUser_BAD_REQUEST_loginAndEmailMissing" time="0.0">
      
    </testcase>
    <testcase classname="org.myweb.services.user.UserLoginServiceTest" name="test_RestServiceResult_loginUser_NOT_FOUND" time="0.0">
      
    </testcase>
    <testcase classname="org.myweb.services.user.UserLoginServiceTest" name="test_RestServiceResult_loginUser_OK" time="0.0">
      
    </testcase>
    <testcase classname="org.myweb.services.user.UserLoginServiceTest" name="test_RestServiceResult_loginUser_BAD_REQUEST_malformedPassword" time="0.0">
      
    </testcase>

            <system-out>
          
        </system-out>

            <system-err>
          
        </system-err>

        </testsuite>
  <testsuite errors="0" failures="0" hostname="debianmarco" id="13" name="UserServiceITest" package="integration" tests="5" time="0.001">
            <properties>
[...]
</properties>

            <testcase classname="integration.UserServiceITest" name="testCan_DELETE_User" time="0.0">
      
    </testcase>
    <testcase classname="integration.UserServiceITest" name="testCan_UPDATE_User" time="0.0">
      
    </testcase>
    <testcase classname="integration.UserServiceITest" name="testCan_CREATE_User" time="0.0">
      
    </testcase>
    <testcase classname="integration.UserServiceITest" name="testCan_QUERY_Users" time="0.0">
      
    </testcase>
    <testcase classname="integration.UserServiceITest" name="testCan_GET_User" time="0.0">
      
    </testcase>

            <system-out>
          
        </system-out>

            <system-err>
          
        </system-err>

        </testsuite>
  <testsuite errors="0" failures="0" hostname="debianmarco" id="14" name="UserUpdateServiceTest" package="org.myweb.services.user" tests="6" time="0.003">
            <properties>
[...]
</properties>

            <testcase classname="org.myweb.services.user.UserUpdateServiceTest" name="test_RestServiceResult_updateUser_BAD_REQUEST_badPasswords" time="0.0">
      
    </testcase>
    <testcase classname="org.myweb.services.user.UserUpdateServiceTest" name="test_RestServiceResult_updateUser_BAD_REQUEST_emailAlreadyExist" time="0.0">
      
    </testcase>
    <testcase classname="org.myweb.services.user.UserUpdateServiceTest" name="test_RestServiceResult_updateUser_BAD_REQUEST_idMissing" time="0.0">
      
    </testcase>
    <testcase classname="org.myweb.services.user.UserUpdateServiceTest" name="test_RestServiceResult_updateUser_BAD_REQUEST_urlIdAndPutResourceIdDiffer" time="0.0">
      
    </testcase>
    <testcase classname="org.myweb.services.user.UserUpdateServiceTest" name="test_RestServiceResult_updateUser_BAD_REQUEST_loginAlreadyExist" time="0.0">
      
    </testcase>
    <testcase classname="org.myweb.services.user.UserUpdateServiceTest" name="test_RestServiceResult_updateUser_OK" time="0.0">
      
    </testcase>

            <system-out>
          
        </system-out>

            <system-err>
          
        </system-err>

        </testsuite>
  <testsuite errors="0" failures="0" hostname="debianmarco" id="15" name="UserValidationTest" package="models" tests="2" time="0.001">
            <properties>
[...]
</properties>

            <testcase classname="models.UserValidationTest" name="test_UserValidation_KO_requiredFields" time="0.0">
      
    </testcase>
    <testcase classname="models.UserValidationTest" name="test_UserValidation_OK" time="0.0">
      
    </testcase>

            <system-out>
          
        </system-out>

            <system-err>
          
        </system-err>

        </testsuite>
  <testsuite errors="0" failures="0" hostname="debianmarco" id="16" name="VersionServiceITest" package="integration" tests="2" time="0.0">
            <properties>
[...]
</properties>

            <testcase classname="integration.VersionServiceITest" name="testCan_GET_Version" time="0.0">
      
    </testcase>
    <testcase classname="integration.VersionServiceITest" name="testCan_GET_VersionFull" time="0.0">
      
    </testcase>

            <system-out>
          
        </system-out>

            <system-err>
          
        </system-err>

        </testsuite>
</testsuites>
